<?xml version="1.0" encoding="UTF-8"?>
<testsuite xmlns:xsi="http://www.w3.org/2001/XMLSchema-instance" xsi:noNamespaceSchemaLocation="https://maven.apache.org/surefire/maven-surefire-plugin/xsd/surefire-test-report-3.0.xsd" version="3.0" name="com.yuu.demo.mavenspringbootdemo.MavenSpringBootDemoApplicationTests" time="4.35" tests="1" errors="0" skipped="0" failures="0">
  <properties>
[...]
</properties>
  <testcase name="contextLoads" classname="com.yuu.demo.mavenspringbootdemo.MavenSpringBootDemoApplicationTests" time="1.349">
    <system-out><![CDATA[11:55:45.306 [main] INFO org.springframework.test.context.support.AnnotationConfigContextLoaderUtils -- Could not detect default configuration classes for test class [com.yuu.demo.mavenspringbootdemo.MavenSpringBootDemoApplicationTests]: MavenSpringBootDemoApplicationTests does not declare any static, non-private, non-final, nested classes annotated with @Configuration.
11:55:45.493 [main] INFO org.springframework.boot.test.context.SpringBootTestContextBootstrapper -- Found @SpringBootConfiguration com.yuu.demo.MavenSpringBootDemoApplication for test class com.yuu.demo.mavenspringbootdemo.MavenSpringBootDemoApplicationTests

  .   ____          _            __ _ _
 /\\ / ___'_ __ _ _(_)_ __  __ _ \ \ \ \
( ( )\___ | '_ | '_| | '_ \/ _` | \ \ \ \
 \\/  ___)| |_)| | | | | || (_| |  ) ) ) )
  '  |____| .__|_| |_|_| |_\__, | / / / /
 =========|_|==============|___/=/_/_/_/
 :: Spring Boot ::                (v3.1.1)

2023-07-24T11:55:46.152+05:30  INFO 19560 --- [           main] .d.m.MavenSpringBootDemoApplicationTests : Starting MavenSpringBootDemoApplicationTests using Java 17.0.1 with PID 19560 (started by DJPS in C:\Docker-Jenkins\Maven-SpringBoot-Demo)
2023-07-24T11:55:46.154+05:30  INFO 19560 --- [           main] .d.m.MavenSpringBootDemoApplicationTests : No active profile set, falling back to 1 default profile: "default"
2023-07-24T11:55:47.979+05:30  INFO 19560 --- [           main] .d.m.MavenSpringBootDemoApplicationTests : Started MavenSpringBootDemoApplicationTests in 2.24 seconds (process running for 3.921)
]]></system-out>
  </testcase>
</testsuite>